<?xml version="1.0" encoding="UTF-8"?>
<coverage generated="1749889346179" clover="3.2.0">
  <project timestamp="1749889346179" name="All files">
    <metrics statements="62" coveredstatements="43" conditionals="24" coveredconditionals="16" methods="13" coveredmethods="9" elements="99" coveredelements="68" complexity="0" loc="62" ncloc="62" packages="1" files="3" classes="3"/>
    <file name="App.jsx" path="/app/src/App.jsx">
      <metrics statements="59" coveredstatements="43" conditionals="24" coveredconditionals="16" methods="13" coveredmethods="9"/>
      <line num="6" count="19" type="stmt"/>
      <line num="7" count="19" type="stmt"/>
      <line num="8" count="19" type="stmt"/>
      <line num="9" count="19" type="stmt"/>
      <line num="10" count="19" type="stmt"/>
      <line num="11" count="19" type="stmt"/>
      <line num="12" count="19" type="stmt"/>
      <line num="14" count="19" type="cond" truecount="1" falsecount="0"/>
      <line num="16" count="5" type="stmt"/>
      <line num="17" count="5" type="stmt"/>
      <line num="20" count="5" type="cond" truecount="1" falsecount="1"/>
      <line num="21" count="0" type="stmt"/>
      <line num="22" count="0" type="stmt"/>
      <line num="26" count="5" type="cond" truecount="1" falsecount="1"/>
      <line num="28" count="5" type="stmt"/>
      <line num="30" count="5" type="stmt"/>
      <line num="31" count="5" type="stmt"/>
      <line num="33" count="5" type="stmt"/>
      <line num="34" count="5" type="stmt"/>
      <line num="35" count="5" type="stmt"/>
      <line num="36" count="5" type="stmt"/>
      <line num="37" count="5" type="stmt"/>
      <line num="38" count="5" type="stmt"/>
      <line num="42" count="19" type="stmt"/>
      <line num="44" count="0" type="stmt"/>
      <line num="46" count="0" type="stmt"/>
      <line num="47" count="0" type="stmt"/>
      <line num="48" count="0" type="stmt"/>
      <line num="49" count="0" type="stmt"/>
      <line num="50" count="0" type="stmt"/>
      <line num="51" count="0" type="stmt"/>
      <line num="54" count="0" type="stmt"/>
      <line num="55" count="0" type="stmt"/>
      <line num="56" count="0" type="stmt"/>
      <line num="58" count="0" type="stmt"/>
      <line num="59" count="0" type="stmt"/>
      <line num="63" count="19" type="stmt"/>
      <line num="64" count="5" type="stmt"/>
      <line num="67" count="19" type="stmt"/>
      <line num="69" count="19" type="stmt"/>
      <line num="71" count="19" type="stmt"/>
      <line num="72" count="3" type="stmt"/>
      <line num="73" count="3" type="cond" truecount="2" falsecount="0"/>
      <line num="74" count="2" type="stmt"/>
      <line num="75" count="2" type="stmt"/>
      <line num="76" count="2" type="stmt"/>
      <line num="77" count="2" type="stmt"/>
      <line num="80" count="2" type="stmt"/>
      <line num="82" count="1" type="stmt"/>
      <line num="83" count="1" type="stmt"/>
      <line num="87" count="3" type="cond" truecount="1" falsecount="1"/>
      <line num="88" count="0" type="stmt"/>
      <line num="92" count="19" type="stmt"/>
      <line num="93" count="1" type="cond" truecount="1" falsecount="1"/>
      <line num="96" count="19" type="stmt"/>
      <line num="105" count="19" type="stmt"/>
      <line num="133" count="27" type="stmt"/>
      <line num="135" count="3" type="stmt"/>
      <line num="146" count="0" type="cond" truecount="0" falsecount="2"/>
    </file>
    <file name="index.jsx" path="/app/src/index.jsx">
      <metrics statements="2" coveredstatements="0" conditionals="0" coveredconditionals="0" methods="0" coveredmethods="0"/>
      <line num="5" count="0" type="stmt"/>
      <line num="6" count="0" type="stmt"/>
    </file>
    <file name="translations.js" path="/app/src/translations.js">
      <metrics statements="1" coveredstatements="0" conditionals="0" coveredconditionals="0" methods="0" coveredmethods="0"/>
      <line num="1" count="0" type="stmt"/>
    </file>
  </project>
</coverage>
