{"/app/src/App.jsx": {"path":"/app/src/App.jsx","statementMap":{"0":{"start":{"line":6,"column":30},"end":{"line":6,"column":42}},"1":{"start":{"line":7,"column":42},"end":{"line":7,"column":54}},"2":{"start":{"line":8,"column":32},"end":{"line":8,"column":44}},"3":{"start":{"line":9,"column":34},"end":{"line":9,"column":48}},"4":{"start":{"line":10,"column":42},"end":{"line":10,"column":53}},"5":{"start":{"line":11,"column":44},"end":{"line":11,"column":55}},"6":{"start":{"line":12,"column":42},"end":{"line":12,"column":57}},"7":{"start":{"line":14,"column":27},"end":{"line":40,"column":3}},"8":{"start":{"line":16,"column":29},"end":{"line":16,"column":46}},"9":{"start":{"line":17,"column":4},"end":{"line":17,"column":39}},"10":{"start":{"line":20,"column":4},"end":{"line":23,"column":5}},"11":{"start":{"line":21,"column":6},"end":{"line":21,"column":28}},"12":{"start":{"line":22,"column":6},"end":{"line":22,"column":13}},"13":{"start":{"line":26,"column":24},"end":{"line":26,"column":56}},"14":{"start":{"line":28,"column":4},"end":{"line":28,"column":108}},"15":{"start":{"line":30,"column":4},"end":{"line":39,"column":9}},"16":{"start":{"line":31,"column":21},"end":{"line":31,"column":31}},"17":{"start":{"line":33,"column":8},"end":{"line":33,"column":44}},"18":{"start":{"line":34,"column":8},"end":{"line":34,"column":32}},"19":{"start":{"line":35,"column":8},"end":{"line":35,"column":38}},"20":{"start":{"line":36,"column":8},"end":{"line":36,"column":23}},"21":{"start":{"line":37,"column":8},"end":{"line":37,"column":28}},"22":{"start":{"line":38,"column":8},"end":{"line":38,"column":27}},"23":{"start":{"line":42,"column":20},"end":{"line":61,"column":3}},"24":{"start":{"line":44,"column":4},"end":{"line":44,"column":32}},"25":{"start":{"line":46,"column":4},"end":{"line":46,"column":23}},"26":{"start":{"line":47,"column":4},"end":{"line":47,"column":24}},"27":{"start":{"line":48,"column":4},"end":{"line":48,"column":27}},"28":{"start":{"line":49,"column":4},"end":{"line":49,"column":19}},"29":{"start":{"line":50,"column":4},"end":{"line":50,"column":24}},"30":{"start":{"line":51,"column":4},"end":{"line":51,"column":23}},"31":{"start":{"line":54,"column":24},"end":{"line":54,"column":25}},"32":{"start":{"line":55,"column":4},"end":{"line":60,"column":9}},"33":{"start":{"line":56,"column":21},"end":{"line":56,"column":31}},"34":{"start":{"line":58,"column":8},"end":{"line":58,"column":32}},"35":{"start":{"line":59,"column":8},"end":{"line":59,"column":38}},"36":{"start":{"line":63,"column":2},"end":{"line":65,"column":9}},"37":{"start":{"line":64,"column":4},"end":{"line":64,"column":23}},"38":{"start":{"line":67,"column":36},"end":{"line":67,"column":51}},"39":{"start":{"line":69,"column":34},"end":{"line":69,"column":49}},"40":{"start":{"line":71,"column":22},"end":{"line":90,"column":3}},"41":{"start":{"line":72,"column":4},"end":{"line":72,"column":22}},"42":{"start":{"line":73,"column":4},"end":{"line":84,"column":5}},"43":{"start":{"line":74,"column":6},"end":{"line":74,"column":49}},"44":{"start":{"line":75,"column":6},"end":{"line":75,"column":25}},"45":{"start":{"line":76,"column":23},"end":{"line":76,"column":39}},"46":{"start":{"line":77,"column":6},"end":{"line":77,"column":32}},"47":{"start":{"line":80,"column":6},"end":{"line":80,"column":41}},"48":{"start":{"line":82,"column":6},"end":{"line":82,"column":51}},"49":{"start":{"line":83,"column":6},"end":{"line":83,"column":26}},"50":{"start":{"line":87,"column":4},"end":{"line":89,"column":5}},"51":{"start":{"line":88,"column":6},"end":{"line":88,"column":28}},"52":{"start":{"line":92,"column":25},"end":{"line":94,"column":3}},"53":{"start":{"line":93,"column":4},"end":{"line":93,"column":49}},"54":{"start":{"line":96,"column":19},"end":{"line":103,"column":3}},"55":{"start":{"line":105,"column":2},"end":{"line":155,"column":4}},"56":{"start":{"line":133,"column":14},"end":{"line":140,"column":23}},"57":{"start":{"line":135,"column":31},"end":{"line":135,"column":49}},"58":{"start":{"line":146,"column":29},"end":{"line":146,"column":86}}},"fnMap":{"0":{"name":"App","decl":{"start":{"line":5,"column":9},"end":{"line":5,"column":12}},"loc":{"start":{"line":5,"column":15},"end":{"line":156,"column":1}},"line":5},"1":{"name":"(anonymous_1)","decl":{"start":{"line":14,"column":27},"end":{"line":14,"column":28}},"loc":{"start":{"line":14,"column":67},"end":{"line":40,"column":3}},"line":14},"2":{"name":"(anonymous_2)","decl":{"start":{"line":31,"column":12},"end":{"line":31,"column":13}},"loc":{"start":{"line":31,"column":21},"end":{"line":31,"column":31}},"line":31},"3":{"name":"(anonymous_3)","decl":{"start":{"line":32,"column":12},"end":{"line":32,"column":13}},"loc":{"start":{"line":32,"column":22},"end":{"line":39,"column":7}},"line":32},"4":{"name":"(anonymous_4)","decl":{"start":{"line":42,"column":20},"end":{"line":42,"column":21}},"loc":{"start":{"line":42,"column":26},"end":{"line":61,"column":3}},"line":42},"5":{"name":"(anonymous_5)","decl":{"start":{"line":56,"column":12},"end":{"line":56,"column":13}},"loc":{"start":{"line":56,"column":21},"end":{"line":56,"column":31}},"line":56},"6":{"name":"(anonymous_6)","decl":{"start":{"line":57,"column":12},"end":{"line":57,"column":13}},"loc":{"start":{"line":57,"column":22},"end":{"line":60,"column":7}},"line":57},"7":{"name":"(anonymous_7)","decl":{"start":{"line":63,"column":12},"end":{"line":63,"column":13}},"loc":{"start":{"line":63,"column":18},"end":{"line":65,"column":3}},"line":63},"8":{"name":"(anonymous_8)","decl":{"start":{"line":71,"column":22},"end":{"line":71,"column":23}},"loc":{"start":{"line":71,"column":33},"end":{"line":90,"column":3}},"line":71},"9":{"name":"(anonymous_9)","decl":{"start":{"line":92,"column":25},"end":{"line":92,"column":26}},"loc":{"start":{"line":92,"column":31},"end":{"line":94,"column":3}},"line":92},"10":{"name":"(anonymous_10)","decl":{"start":{"line":132,"column":24},"end":{"line":132,"column":25}},"loc":{"start":{"line":133,"column":14},"end":{"line":140,"column":23}},"line":133},"11":{"name":"(anonymous_11)","decl":{"start":{"line":135,"column":25},"end":{"line":135,"column":26}},"loc":{"start":{"line":135,"column":31},"end":{"line":135,"column":49}},"line":135},"12":{"name":"(anonymous_12)","decl":{"start":{"line":146,"column":23},"end":{"line":146,"column":24}},"loc":{"start":{"line":146,"column":29},"end":{"line":146,"column":86}},"line":146}},"branchMap":{"0":{"loc":{"start":{"line":14,"column":28},"end":{"line":14,"column":62}},"type":"default-arg","locations":[{"start":{"line":14,"column":50},"end":{"line":14,"column":62}}],"line":14},"1":{"loc":{"start":{"line":20,"column":4},"end":{"line":23,"column":5}},"type":"if","locations":[{"start":{"line":20,"column":4},"end":{"line":23,"column":5}},{"start":{},"end":{}}],"line":20},"2":{"loc":{"start":{"line":26,"column":24},"end":{"line":26,"column":56}},"type":"cond-expr","locations":[{"start":{"line":26,"column":51},"end":{"line":26,"column":52}},{"start":{"line":26,"column":55},"end":{"line":26,"column":56}}],"line":26},"3":{"loc":{"start":{"line":73,"column":4},"end":{"line":84,"column":5}},"type":"if","locations":[{"start":{"line":73,"column":4},"end":{"line":84,"column":5}},{"start":{"line":81,"column":11},"end":{"line":84,"column":5}}],"line":73},"4":{"loc":{"start":{"line":87,"column":4},"end":{"line":89,"column":5}},"type":"if","locations":[{"start":{"line":87,"column":4},"end":{"line":89,"column":5}},{"start":{},"end":{}}],"line":87},"5":{"loc":{"start":{"line":93,"column":16},"end":{"line":93,"column":47}},"type":"cond-expr","locations":[{"start":{"line":93,"column":36},"end":{"line":93,"column":40}},{"start":{"line":93,"column":43},"end":{"line":93,"column":47}}],"line":93},"6":{"loc":{"start":{"line":109,"column":11},"end":{"line":109,"column":48}},"type":"cond-expr","locations":[{"start":{"line":109,"column":31},"end":{"line":109,"column":40}},{"start":{"line":109,"column":43},"end":{"line":109,"column":48}}],"line":109},"7":{"loc":{"start":{"line":114,"column":7},"end":{"line":153,"column":7}},"type":"cond-expr","locations":[{"start":{"line":115,"column":8},"end":{"line":124,"column":14}},{"start":{"line":126,"column":8},"end":{"line":152,"column":11}}],"line":114},"8":{"loc":{"start":{"line":129,"column":38},"end":{"line":129,"column":76}},"type":"binary-expr","locations":[{"start":{"line":129,"column":38},"end":{"line":129,"column":60}},{"start":{"line":129,"column":64},"end":{"line":129,"column":76}}],"line":129},"9":{"loc":{"start":{"line":139,"column":17},"end":{"line":139,"column":66}},"type":"binary-expr","locations":[{"start":{"line":139,"column":17},"end":{"line":139,"column":57}},{"start":{"line":139,"column":61},"end":{"line":139,"column":66}}],"line":139},"10":{"loc":{"start":{"line":144,"column":11},"end":{"line":151,"column":11}},"type":"binary-expr","locations":[{"start":{"line":144,"column":11},"end":{"line":144,"column":19}},{"start":{"line":144,"column":23},"end":{"line":144,"column":36}},{"start":{"line":145,"column":12},"end":{"line":150,"column":21}}],"line":144},"11":{"loc":{"start":{"line":146,"column":46},"end":{"line":146,"column":85}},"type":"binary-expr","locations":[{"start":{"line":146,"column":46},"end":{"line":146,"column":69}},{"start":{"line":146,"column":73},"end":{"line":146,"column":85}}],"line":146}},"s":{"0":19,"1":19,"2":19,"3":19,"4":19,"5":19,"6":19,"7":19,"8":5,"9":5,"10":5,"11":0,"12":0,"13":5,"14":5,"15":5,"16":5,"17":5,"18":5,"19":5,"20":5,"21":5,"22":5,"23":19,"24":0,"25":0,"26":0,"27":0,"28":0,"29":0,"30":0,"31":0,"32":0,"33":0,"34":0,"35":0,"36":19,"37":5,"38":19,"39":19,"40":19,"41":3,"42":3,"43":2,"44":2,"45":2,"46":2,"47":2,"48":1,"49":1,"50":3,"51":0,"52":19,"53":1,"54":19,"55":19,"56":27,"57":3,"58":0},"f":{"0":19,"1":5,"2":5,"3":5,"4":0,"5":0,"6":0,"7":5,"8":3,"9":1,"10":27,"11":3,"12":0},"b":{"0":[5],"1":[0,5],"2":[0,5],"3":[2,1],"4":[0,3],"5":[1,0],"6":[18,1],"7":[0,19],"8":[19,10],"9":[27,0],"10":[19,3,3],"11":[0,0]},"_coverageSchema":"1a1c01bbd47fc00a2c39e90264f33305004495a9","hash":"548b449eae4d15c9ecdc650e0a1d47d550d39d9b"}
,"/app/src/index.jsx": {"path":"/app/src/index.jsx","statementMap":{"0":{"start":{"line":5,"column":13},"end":{"line":5,"column":65}},"1":{"start":{"line":6,"column":0},"end":{"line":6,"column":21}}},"fnMap":{},"branchMap":{},"s":{"0":0,"1":0},"f":{},"b":{}}
,"/app/src/translations.js": {"path":"/app/src/translations.js","statementMap":{"0":{"start":{"line":1,"column":21},"end":{"line":36,"column":1}}},"fnMap":{},"branchMap":{},"s":{"0":0},"f":{},"b":{}}
}
