TN:
SF:src/App.jsx
FN:5,App
FN:14,(anonymous_1)
FN:31,(anonymous_2)
FN:32,(anonymous_3)
FN:42,(anonymous_4)
FN:56,(anonymous_5)
FN:57,(anonymous_6)
FN:63,(anonymous_7)
FN:71,(anonymous_8)
FN:92,(anonymous_9)
FN:132,(anonymous_10)
FN:135,(anonymous_11)
FN:146,(anonymous_12)
FNF:13
FNH:9
FNDA:19,App
FNDA:5,(anonymous_1)
FNDA:5,(anonymous_2)
FNDA:5,(anonymous_3)
FNDA:0,(anonymous_4)
FNDA:0,(anonymous_5)
FNDA:0,(anonymous_6)
FNDA:5,(anonymous_7)
FNDA:3,(anonymous_8)
FNDA:1,(anonymous_9)
FNDA:27,(anonymous_10)
FNDA:3,(anonymous_11)
FNDA:0,(anonymous_12)
DA:6,19
DA:7,19
DA:8,19
DA:9,19
DA:10,19
DA:11,19
DA:12,19
DA:14,19
DA:16,5
DA:17,5
DA:20,5
DA:21,0
DA:22,0
DA:26,5
DA:28,5
DA:30,5
DA:31,5
DA:33,5
DA:34,5
DA:35,5
DA:36,5
DA:37,5
DA:38,5
DA:42,19
DA:44,0
DA:46,0
DA:47,0
DA:48,0
DA:49,0
DA:50,0
DA:51,0
DA:54,0
DA:55,0
DA:56,0
DA:58,0
DA:59,0
DA:63,19
DA:64,5
DA:67,19
DA:69,19
DA:71,19
DA:72,3
DA:73,3
DA:74,2
DA:75,2
DA:76,2
DA:77,2
DA:80,2
DA:82,1
DA:83,1
DA:87,3
DA:88,0
DA:92,19
DA:93,1
DA:96,19
DA:105,19
DA:133,27
DA:135,3
DA:146,0
LF:59
LH:43
BRDA:14,0,0,5
BRDA:20,1,0,0
BRDA:20,1,1,5
BRDA:26,2,0,0
BRDA:26,2,1,5
BRDA:73,3,0,2
BRDA:73,3,1,1
BRDA:87,4,0,0
BRDA:87,4,1,3
BRDA:93,5,0,1
BRDA:93,5,1,0
BRDA:109,6,0,18
BRDA:109,6,1,1
BRDA:114,7,0,0
BRDA:114,7,1,19
BRDA:129,8,0,19
BRDA:129,8,1,10
BRDA:139,9,0,27
BRDA:139,9,1,0
BRDA:144,10,0,19
BRDA:144,10,1,3
BRDA:144,10,2,3
BRDA:146,11,0,0
BRDA:146,11,1,0
BRF:24
BRH:16
end_of_record
TN:
SF:src/index.jsx
FNF:0
FNH:0
DA:5,0
DA:6,0
LF:2
LH:0
BRF:0
BRH:0
end_of_record
TN:
SF:src/translations.js
FNF:0
FNH:0
DA:1,0
LF:1
LH:0
BRF:0
BRH:0
end_of_record
